<?xml version="1.0" encoding="UTF-8"?>
<!-- Generated by org.testng.reporters.JUnitXMLReporter -->
<testsuite hostname="Amar" ignored="1" name="Default test" tests="1" failures="0" timestamp="2021-06-04T12:08:21 IST" time="83.103" errors="0">
  <testcase name="craetecontact" time="45.262" classname="com.vtiger.tc.Create_Contact"/>
  <testcase name="craetecontact1" time="0.0" classname="com.vtiger.tc.Create_Contact">
    <ignored/>
  </testcase> <!-- craetecontact1 -->
</testsuite> <!-- Default test -->
