<?xml version="1.0" encoding="UTF-8"?>
<!-- Generated by org.testng.reporters.JUnitXMLReporter -->
<testsuite hostname="Amar" ignored="4" name="Test" tests="3" failures="0" timestamp="19 Apr 2021 05:52:53 GMT" time="173.375" errors="0">
  <testcase name="createOrg" time="48.634" classname="com.vtiger.tc.CreateOrg"/>
  <testcase name="craetecontact" time="28.735" classname="com.vtiger.tc.Create_Contact"/>
  <testcase name="createcontact" time="32.991" classname="com.vtiger.tc.CreateCOntact_Org"/>
  <testcase name="@BeforeSuite beforesuite" time="0.0" classname="com.vtiger.generic.Base">
    <ignored/>
  </testcase> <!-- @BeforeSuite beforesuite -->
  <testcase name="@BeforeSuite beforesuite" time="0.0" classname="com.vtiger.generic.Base">
    <ignored/>
  </testcase> <!-- @BeforeSuite beforesuite -->
  <testcase name="@AfterSuite afterSuite" time="0.0" classname="com.vtiger.generic.Base">
    <ignored/>
  </testcase> <!-- @AfterSuite afterSuite -->
  <testcase name="@AfterSuite afterSuite" time="0.0" classname="com.vtiger.generic.Base">
    <ignored/>
  </testcase> <!-- @AfterSuite afterSuite -->
</testsuite> <!-- Test -->
